<?xml version="1.0" encoding="UTF-8"?>
<testsuite xmlns:xsi="http://www.w3.org/2001/XMLSchema-instance" xsi:noNamespaceSchemaLocation="https://maven.apache.org/surefire/maven-surefire-plugin/xsd/surefire-test-report.xsd" name="com.qa.TestRunner.LoginTestRunner" time="18.071" tests="7" errors="0" skipped="0" failures="0">
  <properties>
[...]
</properties>
  <testcase name="When title of login page is Facebook - Log In or Sign Up" classname="Scenario: FaceBook Login Test Scenario" time="0.001"/>
  <testcase name="Then user enters &quot;EmailId&quot; and &quot;Pwd&quot;" classname="Scenario: FaceBook Login Test Scenario" time="0"/>
  <testcase name="Then user is on home page" classname="Scenario: FaceBook Login Test Scenario" time="0"/>
  <testcase name="When user click on Traingle button" classname="Scenario: FaceBook Login Test Scenario" time="0"/>
  <testcase name="And click on Logout button" classname="Scenario: FaceBook Login Test Scenario" time="0"/>
  <testcase name="Then user is on Login Page" classname="Scenario: FaceBook Login Test Scenario" time="0"/>
  <testcase name="Scenario: FaceBook Login Test Scenario" classname="Scenario: FaceBook Login Test Scenario" time="1.85"/>
</testsuite>